<?xml version="1.0" encoding="UTF-8"?>
<testsuite name="com.bitwiseglobal.propertyUtil.ModeratorTest" tests="5" skipped="0" failures="0" errors="0" timestamp="2016-03-01T11:02:24" hostname="HRPRDS" time="0.036">
  <properties/>
  <testcase name="itShouldReturnCorrectProduct" classname="com.bitwiseglobal.propertyUtil.ModeratorTest" time="0.028"/>
  <testcase name="itShouldReturnCorrectSub" classname="com.bitwiseglobal.propertyUtil.ModeratorTest" time="0.002"/>
  <testcase name="itShouldReturnCorrectSum" classname="com.bitwiseglobal.propertyUtil.ModeratorTest" time="0.002"/>
  <testcase name="itShouldReturnCorrectDivide" classname="com.bitwiseglobal.propertyUtil.ModeratorTest" time="0.002"/>
  <testcase name="itShouldReturnCorrectModulo" classname="com.bitwiseglobal.propertyUtil.ModeratorTest" time="0.001"/>
  <system-out><![CDATA[TempleteProject
400
TempleteProject
-30
TempleteProject
1
TempleteProject
0
TempleteProject
10
]]></system-out>
  <system-err><![CDATA[]]></system-err>
</testsuite>
